<?xml version="1.0" encoding="UTF-8"?>
<testsuite name="com.example.week1.ExampleUnitTest" tests="1" skipped="0" failures="0" errors="0" timestamp="2024-09-27T18:59:02" hostname="CHUN" time="0.003">
  <properties/>
  <testcase name="addition_isCorrect" classname="com.example.week1.ExampleUnitTest" time="0.003"/>
  <system-out><![CDATA[]]></system-out>
  <system-err><![CDATA[]]></system-err>
</testsuite>
